<?xml version="1.0" encoding="UTF-8"?>
<coverage generated="1658739025371" clover="3.2.0">
  <project timestamp="1658739025371" name="All files">
    <metrics statements="37" coveredstatements="29" conditionals="16" coveredconditionals="14" methods="9" coveredmethods="8" elements="62" coveredelements="51" complexity="0" loc="37" ncloc="37" packages="1" files="1" classes="1"/>
    <file name="LinkedList.js" path="C:\Users\super\Dropbox\dev\interviewproblems\linkedlist\LinkedList.js">
      <metrics statements="37" coveredstatements="29" conditionals="16" coveredconditionals="14" methods="9" coveredmethods="8"/>
      <line num="3" count="13" type="stmt"/>
      <line num="4" count="13" type="stmt"/>
      <line num="8" count="38" type="stmt"/>
      <line num="9" count="38" type="stmt"/>
      <line num="10" count="38" type="stmt"/>
      <line num="14" count="8" type="cond" truecount="4" falsecount="0"/>
      <line num="15" count="4" type="stmt"/>
      <line num="16" count="4" type="stmt"/>
      <line num="17" count="5" type="stmt"/>
      <line num="19" count="4" type="stmt"/>
      <line num="23" count="4" type="cond" truecount="4" falsecount="0"/>
      <line num="24" count="2" type="cond" truecount="2" falsecount="0"/>
      <line num="25" count="1" type="stmt"/>
      <line num="26" count="1" type="cond" truecount="1" falsecount="1"/>
      <line num="27" count="1" type="stmt"/>
      <line num="28" count="1" type="stmt"/>
      <line num="32" count="2" type="stmt"/>
      <line num="33" count="2" type="stmt"/>
      <line num="37" count="3" type="cond" truecount="2" falsecount="0"/>
      <line num="38" count="2" type="stmt"/>
      <line num="39" count="2" type="cond" truecount="1" falsecount="1"/>
      <line num="40" count="0" type="stmt"/>
      <line num="41" count="0" type="stmt"/>
      <line num="44" count="0" type="stmt"/>
      <line num="45" count="0" type="stmt"/>
      <line num="46" count="0" type="stmt"/>
      <line num="47" count="0" type="stmt"/>
      <line num="48" count="0" type="stmt"/>
      <line num="50" count="0" type="stmt"/>
      <line num="56" count="39" type="stmt"/>
      <line num="57" count="39" type="stmt"/>
      <line num="61" count="1" type="stmt"/>
      <line num="62" count="12" type="stmt"/>
      <line num="63" count="12" type="stmt"/>
      <line num="64" count="35" type="stmt"/>
      <line num="66" count="12" type="stmt"/>
      <line num="68" count="1" type="stmt"/>
    </file>
  </project>
</coverage>
