{"C:\\Users\\super\\Dropbox\\dev\\interviewproblems\\linkedlist\\LinkedList.js": {"path":"C:\\Users\\super\\Dropbox\\dev\\interviewproblems\\linkedlist\\LinkedList.js","statementMap":{"0":{"start":{"line":3,"column":8},"end":{"line":3,"column":24}},"1":{"start":{"line":4,"column":8},"end":{"line":4,"column":23}},"2":{"start":{"line":8,"column":24},"end":{"line":8,"column":59}},"3":{"start":{"line":9,"column":8},"end":{"line":9,"column":27}},"4":{"start":{"line":10,"column":8},"end":{"line":10,"column":21}},"5":{"start":{"line":14,"column":8},"end":{"line":14,"column":58}},"6":{"start":{"line":14,"column":47},"end":{"line":14,"column":58}},"7":{"start":{"line":15,"column":22},"end":{"line":15,"column":31}},"8":{"start":{"line":16,"column":8},"end":{"line":18,"column":9}},"9":{"start":{"line":16,"column":21},"end":{"line":16,"column":22}},"10":{"start":{"line":17,"column":12},"end":{"line":17,"column":34}},"11":{"start":{"line":19,"column":8},"end":{"line":19,"column":22}},"12":{"start":{"line":23,"column":8},"end":{"line":23,"column":58}},"13":{"start":{"line":23,"column":47},"end":{"line":23,"column":58}},"14":{"start":{"line":24,"column":8},"end":{"line":24,"column":56}},"15":{"start":{"line":24,"column":25},"end":{"line":24,"column":56}},"16":{"start":{"line":25,"column":21},"end":{"line":25,"column":45}},"17":{"start":{"line":26,"column":8},"end":{"line":26,"column":37}},"18":{"start":{"line":26,"column":26},"end":{"line":26,"column":37}},"19":{"start":{"line":27,"column":8},"end":{"line":27,"column":56}},"20":{"start":{"line":28,"column":8},"end":{"line":28,"column":21}},"21":{"start":{"line":32,"column":8},"end":{"line":32,"column":34}},"22":{"start":{"line":33,"column":8},"end":{"line":33,"column":21}},"23":{"start":{"line":37,"column":8},"end":{"line":37,"column":49}},"24":{"start":{"line":37,"column":25},"end":{"line":37,"column":49}},"25":{"start":{"line":38,"column":21},"end":{"line":38,"column":47}},"26":{"start":{"line":39,"column":8},"end":{"line":39,"column":37}},"27":{"start":{"line":39,"column":26},"end":{"line":39,"column":37}},"28":{"start":{"line":40,"column":8},"end":{"line":40,"column":34}},"29":{"start":{"line":41,"column":8},"end":{"line":41,"column":21}},"30":{"start":{"line":44,"column":21},"end":{"line":44,"column":23}},"31":{"start":{"line":45,"column":22},"end":{"line":45,"column":31}},"32":{"start":{"line":46,"column":8},"end":{"line":49,"column":9}},"33":{"start":{"line":47,"column":12},"end":{"line":47,"column":52}},"34":{"start":{"line":48,"column":12},"end":{"line":48,"column":34}},"35":{"start":{"line":50,"column":8},"end":{"line":50,"column":36}},"36":{"start":{"line":56,"column":8},"end":{"line":56,"column":26}},"37":{"start":{"line":57,"column":8},"end":{"line":57,"column":24}},"38":{"start":{"line":61,"column":0},"end":{"line":67,"column":1}},"39":{"start":{"line":62,"column":15},"end":{"line":62,"column":31}},"40":{"start":{"line":63,"column":4},"end":{"line":65,"column":5}},"41":{"start":{"line":63,"column":17},"end":{"line":63,"column":34}},"42":{"start":{"line":64,"column":8},"end":{"line":64,"column":34}},"43":{"start":{"line":66,"column":4},"end":{"line":66,"column":13}},"44":{"start":{"line":68,"column":0},"end":{"line":68,"column":28}}},"fnMap":{"0":{"name":"(anonymous_0)","decl":{"start":{"line":2,"column":4},"end":{"line":2,"column":5}},"loc":{"start":{"line":2,"column":18},"end":{"line":5,"column":5}},"line":2},"1":{"name":"(anonymous_1)","decl":{"start":{"line":7,"column":4},"end":{"line":7,"column":5}},"loc":{"start":{"line":7,"column":23},"end":{"line":11,"column":5}},"line":7},"2":{"name":"(anonymous_2)","decl":{"start":{"line":13,"column":4},"end":{"line":13,"column":5}},"loc":{"start":{"line":13,"column":22},"end":{"line":20,"column":5}},"line":13},"3":{"name":"(anonymous_3)","decl":{"start":{"line":22,"column":4},"end":{"line":22,"column":5}},"loc":{"start":{"line":22,"column":32},"end":{"line":29,"column":5}},"line":22},"4":{"name":"(anonymous_4)","decl":{"start":{"line":31,"column":4},"end":{"line":31,"column":5}},"loc":{"start":{"line":31,"column":17},"end":{"line":34,"column":5}},"line":31},"5":{"name":"(anonymous_5)","decl":{"start":{"line":36,"column":4},"end":{"line":36,"column":5}},"loc":{"start":{"line":36,"column":25},"end":{"line":42,"column":5}},"line":36},"6":{"name":"(anonymous_6)","decl":{"start":{"line":43,"column":4},"end":{"line":43,"column":5}},"loc":{"start":{"line":43,"column":12},"end":{"line":51,"column":5}},"line":43},"7":{"name":"(anonymous_7)","decl":{"start":{"line":55,"column":4},"end":{"line":55,"column":5}},"loc":{"start":{"line":55,"column":29},"end":{"line":58,"column":5}},"line":55},"8":{"name":"(anonymous_8)","decl":{"start":{"line":61,"column":24},"end":{"line":61,"column":25}},"loc":{"start":{"line":61,"column":45},"end":{"line":67,"column":1}},"line":61}},"branchMap":{"0":{"loc":{"start":{"line":14,"column":8},"end":{"line":14,"column":58}},"type":"if","locations":[{"start":{"line":14,"column":8},"end":{"line":14,"column":58}},{"start":{},"end":{}}],"line":14},"1":{"loc":{"start":{"line":14,"column":12},"end":{"line":14,"column":45}},"type":"binary-expr","locations":[{"start":{"line":14,"column":12},"end":{"line":14,"column":21}},{"start":{"line":14,"column":25},"end":{"line":14,"column":45}}],"line":14},"2":{"loc":{"start":{"line":23,"column":8},"end":{"line":23,"column":58}},"type":"if","locations":[{"start":{"line":23,"column":8},"end":{"line":23,"column":58}},{"start":{},"end":{}}],"line":23},"3":{"loc":{"start":{"line":23,"column":12},"end":{"line":23,"column":45}},"type":"binary-expr","locations":[{"start":{"line":23,"column":12},"end":{"line":23,"column":21}},{"start":{"line":23,"column":25},"end":{"line":23,"column":45}}],"line":23},"4":{"loc":{"start":{"line":24,"column":8},"end":{"line":24,"column":56}},"type":"if","locations":[{"start":{"line":24,"column":8},"end":{"line":24,"column":56}},{"start":{},"end":{}}],"line":24},"5":{"loc":{"start":{"line":26,"column":8},"end":{"line":26,"column":37}},"type":"if","locations":[{"start":{"line":26,"column":8},"end":{"line":26,"column":37}},{"start":{},"end":{}}],"line":26},"6":{"loc":{"start":{"line":37,"column":8},"end":{"line":37,"column":49}},"type":"if","locations":[{"start":{"line":37,"column":8},"end":{"line":37,"column":49}},{"start":{},"end":{}}],"line":37},"7":{"loc":{"start":{"line":39,"column":8},"end":{"line":39,"column":37}},"type":"if","locations":[{"start":{"line":39,"column":8},"end":{"line":39,"column":37}},{"start":{},"end":{}}],"line":39}},"s":{"0":13,"1":13,"2":38,"3":38,"4":38,"5":8,"6":4,"7":4,"8":4,"9":4,"10":5,"11":4,"12":4,"13":2,"14":2,"15":1,"16":1,"17":1,"18":0,"19":1,"20":1,"21":2,"22":2,"23":3,"24":1,"25":2,"26":2,"27":2,"28":0,"29":0,"30":0,"31":0,"32":0,"33":0,"34":0,"35":0,"36":39,"37":39,"38":1,"39":12,"40":12,"41":12,"42":35,"43":12,"44":1},"f":{"0":13,"1":38,"2":8,"3":4,"4":2,"5":3,"6":0,"7":39,"8":12},"b":{"0":[4,4],"1":[8,6],"2":[2,2],"3":[4,3],"4":[1,1],"5":[0,1],"6":[1,2],"7":[2,0]},"_coverageSchema":"1a1c01bbd47fc00a2c39e90264f33305004495a9","hash":"fd7b8db40189419029136605de5db39d3186314c"}
}
