TN:
SF:LinkedList.js
FN:2,(anonymous_0)
FN:7,(anonymous_1)
FN:13,(anonymous_2)
FN:22,(anonymous_3)
FN:31,(anonymous_4)
FN:36,(anonymous_5)
FN:43,(anonymous_6)
FN:55,(anonymous_7)
FN:61,(anonymous_8)
FNF:9
FNH:8
FNDA:13,(anonymous_0)
FNDA:38,(anonymous_1)
FNDA:8,(anonymous_2)
FNDA:4,(anonymous_3)
FNDA:2,(anonymous_4)
FNDA:3,(anonymous_5)
FNDA:0,(anonymous_6)
FNDA:39,(anonymous_7)
FNDA:12,(anonymous_8)
DA:3,13
DA:4,13
DA:8,38
DA:9,38
DA:10,38
DA:14,8
DA:15,4
DA:16,4
DA:17,5
DA:19,4
DA:23,4
DA:24,2
DA:25,1
DA:26,1
DA:27,1
DA:28,1
DA:32,2
DA:33,2
DA:37,3
DA:38,2
DA:39,2
DA:40,0
DA:41,0
DA:44,0
DA:45,0
DA:46,0
DA:47,0
DA:48,0
DA:50,0
DA:56,39
DA:57,39
DA:61,1
DA:62,12
DA:63,12
DA:64,35
DA:66,12
DA:68,1
LF:37
LH:29
BRDA:14,0,0,4
BRDA:14,0,1,4
BRDA:14,1,0,8
BRDA:14,1,1,6
BRDA:23,2,0,2
BRDA:23,2,1,2
BRDA:23,3,0,4
BRDA:23,3,1,3
BRDA:24,4,0,1
BRDA:24,4,1,1
BRDA:26,5,0,0
BRDA:26,5,1,1
BRDA:37,6,0,1
BRDA:37,6,1,2
BRDA:39,7,0,2
BRDA:39,7,1,0
BRF:16
BRH:14
end_of_record
